
> kanban-component@1.0.0 build-storybook
> storybook build --output-dir=C:\Users\Lenovo\AppData\Local\Temp\chromatic--23240-H4pAzuxDdOtf

@storybook/cli v7.6.20

info => Cleaning outputDir: C:\Users\Lenovo\AppData\Local\Temp\chromatic--23240-H4pAzuxDdOtf
info => Loading presets
info => Building manager..
info => Manager built (100 ms)
info => Building preview..
info => Copying static files: C:\Users\Lenovo\OneDrive - Amity University\Coding\git\kanban-component\node_modules\@storybook\manager\static at C:\Users\Lenovo\AppData\Local\Temp\chromatic--23240-H4pAzuxDdOtf\sb-common-assets
[36mvite v4.5.14 [32mbuilding for production...[36m[39m
transforming...
[32m✓[39m 857 modules transformed.
rendering chunks...
computing gzip size...
[2m../../../../AppData/Local/Temp/chromatic--23240-H4pAzuxDdOtf/[22m[32miframe.html                                    [39m[1m[2m 12.62 kB[22m[1m[22m[2m │ gzip:   3.59 kB[22m
[2m../../../../AppData/Local/Temp/chromatic--23240-H4pAzuxDdOtf/[22m[35massets/preview-fcee0170.css                    [39m[1m[2m 13.62 kB[22m[1m[22m[2m │ gzip:   3.32 kB[22m
[2m../../../../AppData/Local/Temp/chromatic--23240-H4pAzuxDdOtf/[22m[36massets/preview-10616a65.js                     [39m[1m[2m  0.07 kB[22m[1m[22m[2m │ gzip:   0.09 kB[22m
[2m../../../../AppData/Local/Temp/chromatic--23240-H4pAzuxDdOtf/[22m[36massets/WithTooltip-V3YHNWJZ-277c4483.js        [39m[1m[2m  0.34 kB[22m[1m[22m[2m │ gzip:   0.23 kB[22m
[2m../../../../AppData/Local/Temp/chromatic--23240-H4pAzuxDdOtf/[22m[36massets/syntaxhighlighter-MJWPISIS-e86b05c9.js  [39m[1m[2m  0.34 kB[22m[1m[22m[2m │ gzip:   0.25 kB[22m
[2m../../../../AppData/Local/Temp/chromatic--23240-H4pAzuxDdOtf/[22m[36massets/preview-307a7736.js                     [39m[1m[2m  0.43 kB[22m[1m[22m[2m │ gzip:   0.29 kB[22m
[2m../../../../AppData/Local/Temp/chromatic--23240-H4pAzuxDdOtf/[22m[36massets/index-9322cee5.js                       [39m[1m[2m  0.58 kB[22m[1m[22m[2m │ gzip:   0.35 kB[22m
[2m../../../../AppData/Local/Temp/chromatic--23240-H4pAzuxDdOtf/[22m[36massets/_commonjsHelpers-de833af9.js            [39m[1m[2m  0.69 kB[22m[1m[22m[2m │ gzip:   0.38 kB[22m
[2m../../../../AppData/Local/Temp/chromatic--23240-H4pAzuxDdOtf/[22m[36massets/preview-391ae01a.js                     [39m[1m[2m  1.04 kB[22m[1m[22m[2m │ gzip:   0.68 kB[22m
[2m../../../../AppData/Local/Temp/chromatic--23240-H4pAzuxDdOtf/[22m[36massets/entry-preview-b21759a2.js               [39m[1m[2m  1.12 kB[22m[1m[22m[2m │ gzip:   0.66 kB[22m
[2m../../../../AppData/Local/Temp/chromatic--23240-H4pAzuxDdOtf/[22m[36massets/iframe-584ed274.js                      [39m[1m[2m  3.24 kB[22m[1m[22m[2m │ gzip:   1.43 kB[22m
[2m../../../../AppData/Local/Temp/chromatic--23240-H4pAzuxDdOtf/[22m[36massets/index-8b3efc3f.js                       [39m[1m[2m  7.18 kB[22m[1m[22m[2m │ gzip:   2.92 kB[22m
[2m../../../../AppData/Local/Temp/chromatic--23240-H4pAzuxDdOtf/[22m[36massets/Color-6VNJS4EI-d374185a.js              [39m[1m[2m 30.95 kB[22m[1m[22m[2m │ gzip:  11.72 kB[22m
[2m../../../../AppData/Local/Temp/chromatic--23240-H4pAzuxDdOtf/[22m[36massets/KanbanBoard.stories-94f8b9ed.js         [39m[1m[2m 35.58 kB[22m[1m[22m[2m │ gzip:  10.41 kB[22m
[2m../../../../AppData/Local/Temp/chromatic--23240-H4pAzuxDdOtf/[22m[36massets/_getPrototype-d03839b1.js               [39m[1m[2m 79.17 kB[22m[1m[22m[2m │ gzip:  23.89 kB[22m
[2m../../../../AppData/Local/Temp/chromatic--23240-H4pAzuxDdOtf/[22m[36massets/react-18-0a210e0b.js                    [39m[1m[2m134.50 kB[22m[1m[22m[2m │ gzip:  43.38 kB[22m
[2m../../../../AppData/Local/Temp/chromatic--23240-H4pAzuxDdOtf/[22m[36massets/entry-preview-docs-2716b2fb.js          [39m[1m[2m213.10 kB[22m[1m[22m[2m │ gzip:  66.83 kB[22m
[2m../../../../AppData/Local/Temp/chromatic--23240-H4pAzuxDdOtf/[22m[36massets/DocsRenderer-NNNQARDV-577f479a.js       [39m[1m[33m547.79 kB[39m[22m[2m │ gzip: 180.30 kB[22m
[2m../../../../AppData/Local/Temp/chromatic--23240-H4pAzuxDdOtf/[22m[36massets/axe-9090fca9.js                         [39m[1m[33m579.26 kB[39m[22m[2m │ gzip: 159.67 kB[22m
[2m../../../../AppData/Local/Temp/chromatic--23240-H4pAzuxDdOtf/[22m[36massets/formatter-SWP5E3XI-d94736c0.js          [39m[1m[33m601.53 kB[39m[22m[2m │ gzip: 186.21 kB[22m
[32m✓ built in 8.70s[39m
info => Preview built (12 s)
info => Output directory: C:\Users\Lenovo\AppData\Local\Temp\chromatic--23240-H4pAzuxDdOtf
